<?xml version="1.0" encoding="UTF-8"?>
<testng-results skipped="0" failed="0" ignored="0" total="1" passed="1">
  <reporter-output>
  </reporter-output>
  <suite name="Surefire suite" duration-ms="3399" started-at="2018-12-27T15:24:02 IST" finished-at="2018-12-27T15:24:05 IST">
    <groups>
    </groups>
    <test name="Surefire test" duration-ms="3399" started-at="2018-12-27T15:24:02 IST" finished-at="2018-12-27T15:24:05 IST">
      <class name="MobileAutomation.AppTest">
        <test-method status="PASS" signature="shouldAnswerWithTrue()" name="shouldAnswerWithTrue" duration-ms="40" started-at="2018-12-27T15:24:05 IST" finished-at="2018-12-27T15:24:05 IST">
          <reporter-output>
          </reporter-output>
        </test-method> <!-- shouldAnswerWithTrue -->
      </class> <!-- MobileAutomation.AppTest -->
    </test> <!-- Surefire test -->
  </suite> <!-- Surefire suite -->
</testng-results>
